<?xml version="1.0" encoding="UTF-8"?>
<!-- Generated by org.testng.reporters.JUnitReportReporter -->
<testsuite hostname="DMM-G6394Y5V" failures="0" tests="1" name="QAAutomationExercise.Scripts.ValidateLockedOutUser" time="2.868" errors="0" timestamp="2024-05-19T15:20:57 MMT" skipped="0">
  <testcase classname="QAAutomationExercise.Scripts.ValidateLockedOutUser" name="validateLockedOutUser" time="2.868"/>
  <system-out/>
</testsuite> <!-- QAAutomationExercise.Scripts.ValidateLockedOutUser -->
