<?xml version="1.0" encoding="UTF-8"?>
<!-- Generated by org.testng.reporters.JUnitReportReporter -->
<testsuite hostname="DMM-G6394Y5V" failures="0" tests="1" name="scripts.CheckSuccessfulLogin" time="2.711" errors="0" timestamp="2024-05-25T09:31:58 MMT" skipped="0">
  <testcase classname="scripts.CheckSuccessfulLogin" name="checkSuccessfulLogin" time="2.711"/>
  <system-out/>
</testsuite> <!-- scripts.CheckSuccessfulLogin -->
