<?xml version="1.0" encoding="UTF-8"?>
<!-- Generated by org.testng.reporters.JUnitReportReporter -->
<testsuite hostname="DMM-G6394Y5V" failures="0" tests="1" name="QAAutomationExercise.Scripts.CheckSuccessfulLogin" time="7.038" errors="0" timestamp="2024-05-19T14:49:02 MMT" skipped="0">
  <testcase classname="QAAutomationExercise.Scripts.CheckSuccessfulLogin" name="checkSuccessfulLogin" time="7.038"/>
  <system-out/>
</testsuite> <!-- QAAutomationExercise.Scripts.CheckSuccessfulLogin -->
