<?xml version="1.0" encoding="UTF-8"?>
<!-- Generated by org.testng.reporters.JUnitReportReporter -->
<testsuite hostname="DMM-G6394Y5V" failures="0" tests="1" name="QAAutomationExercise.Scripts.LogCheckoutSummary" time="8.990" errors="0" timestamp="2024-05-19T14:56:20 MMT" skipped="0">
  <testcase classname="QAAutomationExercise.Scripts.LogCheckoutSummary" name="logCheckoutSummary" time="8.990"/>
  <system-out/>
</testsuite> <!-- QAAutomationExercise.Scripts.LogCheckoutSummary -->
