<?xml version="1.0" encoding="UTF-8"?>
<!-- Generated by org.testng.reporters.JUnitReportReporter -->
<testsuite hostname="DMM-G6394Y5V" failures="0" tests="1" name="scripts.NewTest" time="3.138" errors="0" timestamp="2024-05-25T09:17:32 MMT" skipped="0">
  <testcase classname="scripts.NewTest" name="checkSuccessfulLogin" time="3.138"/>
  <system-out/>
</testsuite> <!-- scripts.NewTest -->
