<?xml version="1.0" encoding="UTF-8"?>
<!-- Generated by org.testng.reporters.JUnitReportReporter -->
<testsuite hostname="DMM-G6394Y5V" failures="0" tests="1" name="scripts.CheckSuccessfulLogin" time="3.024" errors="0" timestamp="2024-05-25T12:52:40 MMT" skipped="0">
  <testcase classname="scripts.CheckSuccessfulLogin" name="checkSuccessfulLogin" time="3.024"/>
  <system-out/>
</testsuite> <!-- scripts.CheckSuccessfulLogin -->
