<?xml version="1.0" encoding="UTF-8"?>
<!-- Generated by org.testng.reporters.JUnitReportReporter -->
<testsuite hostname="DMM-G6394Y5V" failures="0" tests="1" name="clickCheckoutButton.SortByPrice_LowtoHigh" time="6.456" errors="0" timestamp="2024-05-25T08:47:03 MMT" skipped="0">
  <testcase classname="clickCheckoutButton.SortByPrice_LowtoHigh" name="sortByPrice_LowtoHigh" time="6.456"/>
  <system-out/>
</testsuite> <!-- clickCheckoutButton.SortByPrice_LowtoHigh -->
