<?xml version="1.0" encoding="UTF-8"?>
<!-- Generated by org.testng.reporters.JUnitReportReporter -->
<testsuite hostname="DMM-G6394Y5V" failures="0" tests="1" name="clickCheckoutButton.LogCheckoutSummary" time="5.898" errors="0" timestamp="2024-05-25T08:47:03 MMT" skipped="0">
  <testcase classname="clickCheckoutButton.LogCheckoutSummary" name="logCheckoutSummary" time="5.898"/>
  <system-out/>
</testsuite> <!-- clickCheckoutButton.LogCheckoutSummary -->
