<?xml version="1.0" encoding="UTF-8"?>
<!-- Generated by org.testng.reporters.JUnitReportReporter -->
<testsuite hostname="DMM-G6394Y5V" failures="0" tests="1" name="scripts.Purchase2Items" time="5.561" errors="0" timestamp="2024-05-25T12:07:34 MMT" skipped="0">
  <testcase classname="scripts.Purchase2Items" name="purchase2Items" time="5.561"/>
  <system-out/>
</testsuite> <!-- scripts.Purchase2Items -->
