<?xml version="1.0" encoding="UTF-8"?>
<!-- Generated by org.testng.reporters.JUnitReportReporter -->
<testsuite hostname="DMM-G6394Y5V" failures="0" tests="1" name="clickCheckoutButton.ValidateLockedOutUser" time="3.000" errors="0" timestamp="2024-05-23T23:07:10 MMT" skipped="0">
  <testcase classname="clickCheckoutButton.ValidateLockedOutUser" name="validateLockedOutUser" time="3.000"/>
  <system-out/>
</testsuite> <!-- clickCheckoutButton.ValidateLockedOutUser -->
