<?xml version="1.0" encoding="UTF-8"?>
<!-- Generated by org.testng.reporters.JUnitReportReporter -->
<testsuite hostname="DMM-G6394Y5V" failures="0" tests="1" name="QAAutomationExercise.Scripts.CheckLogoutSuccessful" time="5.482" errors="0" timestamp="2024-05-19T15:46:43 MMT" skipped="0">
  <testcase classname="QAAutomationExercise.Scripts.CheckLogoutSuccessful" name="checkLogoutSuccessful" time="5.482"/>
  <system-out/>
</testsuite> <!-- QAAutomationExercise.Scripts.CheckLogoutSuccessful -->
