<?xml version="1.0" encoding="UTF-8"?>
<!-- Generated by org.testng.reporters.JUnitReportReporter -->
<testsuite hostname="DMM-G6394Y5V" failures="0" tests="1" name="clickCheckoutButton.SortByPrice_HightoLow" time="4.362" errors="0" timestamp="2024-05-25T08:47:03 MMT" skipped="0">
  <testcase classname="clickCheckoutButton.SortByPrice_HightoLow" name="sortByPrice_HightoLow" time="4.362"/>
  <system-out/>
</testsuite> <!-- clickCheckoutButton.SortByPrice_HightoLow -->
