<?xml version="1.0" encoding="UTF-8"?>
<!-- Generated by org.testng.reporters.JUnitReportReporter -->
<testsuite hostname="DMM-G6394Y5V" failures="0" tests="1" name="scripts.CheckLogoutSuccessful" time="5.640" errors="0" timestamp="2024-05-25T09:32:45 MMT" skipped="0">
  <testcase classname="scripts.CheckLogoutSuccessful" name="checkLogoutSuccessful" time="5.640"/>
  <system-out/>
</testsuite> <!-- scripts.CheckLogoutSuccessful -->
