<?xml version="1.0" encoding="UTF-8"?>
<!-- Generated by org.testng.reporters.JUnitReportReporter -->
<testsuite hostname="DMM-G6394Y5V" failures="0" tests="1" name="scripts.Purchase2Items" time="6.590" errors="0" timestamp="2024-05-25T09:31:58 MMT" skipped="0">
  <testcase classname="scripts.Purchase2Items" name="purchase2Items" time="6.590"/>
  <system-out/>
</testsuite> <!-- scripts.Purchase2Items -->
