<?xml version="1.0" encoding="UTF-8"?>
<!-- Generated by org.testng.reporters.JUnitReportReporter -->
<testsuite hostname="DMM-G6394Y5V" failures="0" tests="1" name="scripts.SortByPrice_HightoLow" time="4.019" errors="0" timestamp="2024-05-25T12:52:40 MMT" skipped="0">
  <testcase classname="scripts.SortByPrice_HightoLow" name="sortByPrice_HightoLow" time="4.019"/>
  <system-out/>
</testsuite> <!-- scripts.SortByPrice_HightoLow -->
