<?xml version="1.0" encoding="UTF-8"?>
<!-- Generated by org.testng.reporters.JUnitReportReporter -->
<testsuite hostname="DMM-G6394Y5V" failures="0" tests="1" name="QAAutomationExercise.Scripts.Purchase2Items" time="5.619" errors="0" timestamp="2024-05-19T14:20:52 MMT" skipped="0">
  <testcase classname="QAAutomationExercise.Scripts.Purchase2Items" name="purchase2Items" time="5.619"/>
  <system-out/>
</testsuite> <!-- QAAutomationExercise.Scripts.Purchase2Items -->
