<?xml version="1.0" encoding="UTF-8"?>
<!-- Generated by org.testng.reporters.JUnitReportReporter -->
<testsuite hostname="DMM-G6394Y5V" failures="0" tests="1" name="QAAutomationExercise.Scripts.SortByPrice_LowtoHigh" time="3.478" errors="0" timestamp="2024-05-21T14:07:51 MMT" skipped="0">
  <testcase classname="QAAutomationExercise.Scripts.SortByPrice_LowtoHigh" name="sortByPrice_LowtoHigh" time="3.478"/>
  <system-out/>
</testsuite> <!-- QAAutomationExercise.Scripts.SortByPrice_LowtoHigh -->
