<?xml version="1.0" encoding="UTF-8"?>
<!-- Generated by org.testng.reporters.JUnitReportReporter -->
<testsuite hostname="DMM-G6394Y5V" failures="0" tests="1" name="scripts.LogCheckoutSummary" time="4.775" errors="0" timestamp="2024-05-25T14:01:35 MMT" skipped="0">
  <testcase classname="scripts.LogCheckoutSummary" name="logCheckoutSummary" time="4.775"/>
  <system-out/>
</testsuite> <!-- scripts.LogCheckoutSummary -->
