<?xml version="1.0" encoding="UTF-8"?>
<!-- Generated by org.testng.reporters.JUnitReportReporter -->
<testsuite hostname="DMM-G6394Y5V" failures="0" tests="1" name="scripts.CheckLogoutSuccessful" time="4.814" errors="0" timestamp="2024-05-25T12:07:34 MMT" skipped="0">
  <testcase classname="scripts.CheckLogoutSuccessful" name="checkLogoutSuccessful" time="4.814"/>
  <system-out/>
</testsuite> <!-- scripts.CheckLogoutSuccessful -->
