<?xml version="1.0" encoding="UTF-8"?>
<!-- Generated by org.testng.reporters.JUnitReportReporter -->
<testsuite hostname="DMM-G6394Y5V" failures="0" tests="1" name="QAAutomationExercise.Scripts.Purchase2Items" time="7.926" errors="0" timestamp="2024-05-23T22:35:12 MMT" skipped="0">
  <testcase classname="QAAutomationExercise.Scripts.Purchase2Items" name="purchase2Items" time="7.926"/>
  <system-out/>
</testsuite> <!-- QAAutomationExercise.Scripts.Purchase2Items -->
