<?xml version="1.0" encoding="UTF-8"?>
<!-- Generated by org.testng.reporters.JUnitReportReporter -->
<testsuite hostname="DMM-G6394Y5V" failures="0" tests="1" name="QAAutomationExercise.Scripts.CheckLogoutSuccessful" time="5.411" errors="0" timestamp="2024-05-19T15:20:57 MMT" skipped="0">
  <testcase classname="QAAutomationExercise.Scripts.CheckLogoutSuccessful" name="checkLogoutSuccessful" time="5.411"/>
  <system-out/>
</testsuite> <!-- QAAutomationExercise.Scripts.CheckLogoutSuccessful -->
