<?xml version="1.0" encoding="UTF-8"?>
<!-- Generated by org.testng.reporters.JUnitReportReporter -->
<testsuite hostname="DMM-G6394Y5V" failures="0" tests="1" name="clickCheckoutButton.Purchase2Items" time="5.541" errors="0" timestamp="2024-05-23T23:23:10 MMT" skipped="0">
  <testcase classname="clickCheckoutButton.Purchase2Items" name="purchase2Items" time="5.541"/>
  <system-out/>
</testsuite> <!-- clickCheckoutButton.Purchase2Items -->
