<?xml version="1.0" encoding="UTF-8"?>
<!-- Generated by org.testng.reporters.JUnitReportReporter -->
<testsuite hostname="DMM-G6394Y5V" failures="0" tests="1" name="clickCheckoutButton.ValidateLockedOutUser" time="2.701" errors="0" timestamp="2024-05-25T08:47:03 MMT" skipped="0">
  <testcase classname="clickCheckoutButton.ValidateLockedOutUser" name="validateLockedOutUser" time="2.701"/>
  <system-out/>
</testsuite> <!-- clickCheckoutButton.ValidateLockedOutUser -->
