<?xml version="1.0" encoding="UTF-8"?>
<!-- Generated by org.testng.reporters.JUnitReportReporter -->
<testsuite hostname="DMM-G6394Y5V" failures="0" tests="1" name="QAAutomationExercise.Scripts.CheckSuccessfulLogin" time="5.991" errors="0" timestamp="2024-05-19T15:48:45 MMT" skipped="0">
  <testcase classname="QAAutomationExercise.Scripts.CheckSuccessfulLogin" name="checkSuccessfulLogin" time="5.991"/>
  <system-out/>
</testsuite> <!-- QAAutomationExercise.Scripts.CheckSuccessfulLogin -->
